[debug] [2024-11-06T12:53:29.959Z] ----------------------------------------------------------------------
[debug] [2024-11-06T12:53:29.962Z] Command:       C:\Program Files\nodejs\node.exe C:\Users\gwiba\AppData\Roaming\npm\node_modules\firebase-tools\lib\bin\firebase.js init
[debug] [2024-11-06T12:53:29.963Z] CLI Version:   13.18.0
[debug] [2024-11-06T12:53:29.963Z] Platform:      win32
[debug] [2024-11-06T12:53:29.963Z] Node Version:  v22.8.0
[debug] [2024-11-06T12:53:29.963Z] Time:          Wed Nov 06 2024 14:53:29 GMT+0200 (South Africa Standard Time)
[debug] [2024-11-06T12:53:29.964Z] ----------------------------------------------------------------------
[debug] 
[debug] [2024-11-06T12:53:29.969Z] >>> [apiv2][query] GET https://firebase-public.firebaseio.com/cli.json [none]
[debug] [2024-11-06T12:53:30.055Z] > command requires scopes: ["email","openid","https://www.googleapis.com/auth/cloudplatformprojects.readonly","https://www.googleapis.com/auth/firebase","https://www.googleapis.com/auth/cloud-platform"]
[debug] [2024-11-06T12:53:30.056Z] > authorizing via signed-in user (gwibantulini8@gmail.com)
[info] 
     ######## #### ########  ######## ########     ###     ######  ########
     ##        ##  ##     ## ##       ##     ##  ##   ##  ##       ##
     ######    ##  ########  ######   ########  #########  ######  ######
     ##        ##  ##    ##  ##       ##     ## ##     ##       ## ##
     ##       #### ##     ## ######## ########  ##     ##  ######  ########

You're about to initialize a Firebase project in this directory:

  C:\Users\gwiba\OneDrive\Documents\cismo

[debug] [2024-11-06T12:53:30.812Z] <<< [apiv2][status] GET https://firebase-public.firebaseio.com/cli.json 200
[debug] [2024-11-06T12:53:30.812Z] <<< [apiv2][body] GET https://firebase-public.firebaseio.com/cli.json {"cloudBuildErrorAfter":1594252800000,"cloudBuildWarnAfter":1590019200000,"defaultNode10After":1594252800000,"minVersion":"3.0.5","node8DeploysDisabledAfter":1613390400000,"node8RuntimeDisabledAfter":1615809600000,"node8WarnAfter":1600128000000}
[info] 
=== Project Setup
[info] 
[info] First, let's associate this project directory with a Firebase project.
[info] You can create multiple project aliases by running firebase use --add, 
[info] but for now we'll just set up a default project.
[info] 
[debug] [2024-11-06T12:54:08.459Z] > refreshing access token with scopes: []
[debug] [2024-11-06T12:54:08.460Z] >>> [apiv2][query] POST https://www.googleapis.com/oauth2/v3/token [none]
[debug] [2024-11-06T12:54:08.460Z] >>> [apiv2][body] POST https://www.googleapis.com/oauth2/v3/token [omitted]
[debug] [2024-11-06T12:54:08.917Z] <<< [apiv2][status] POST https://www.googleapis.com/oauth2/v3/token 200
[debug] [2024-11-06T12:54:08.917Z] <<< [apiv2][body] POST https://www.googleapis.com/oauth2/v3/token [omitted]
[debug] [2024-11-06T12:54:08.925Z] >>> [apiv2][query] GET https://firebase.googleapis.com/v1beta1/projects pageSize=100
[debug] [2024-11-06T12:54:09.689Z] <<< [apiv2][status] GET https://firebase.googleapis.com/v1beta1/projects 200
[debug] [2024-11-06T12:54:09.689Z] <<< [apiv2][body] GET https://firebase.googleapis.com/v1beta1/projects [omitted]
[info] i  Using project cimso-81ee5 (CiMSO) 
[info] 
=== Hosting Setup
[debug] [2024-11-06T12:54:13.491Z] >>> [apiv2][query] GET https://firebase.googleapis.com/v1beta1/projects/cimso-81ee5 [none]
[debug] [2024-11-06T12:54:13.883Z] <<< [apiv2][status] GET https://firebase.googleapis.com/v1beta1/projects/cimso-81ee5 200
[debug] [2024-11-06T12:54:13.883Z] <<< [apiv2][body] GET https://firebase.googleapis.com/v1beta1/projects/cimso-81ee5 {"projectId":"cimso-81ee5","projectNumber":"779996746457","displayName":"CiMSO","name":"projects/cimso-81ee5","resources":{"hostingSite":"cimso-81ee5"},"state":"ACTIVE","etag":"1_b2bf5253-d615-494f-96eb-8a898d2c2965"}
[info] 
[info] Your public directory is the folder (relative to your project directory) that
[info] will contain Hosting assets to be uploaded with firebase deploy. If you
[info] have a build process for your assets, use your build's output directory.
[info] 
[debug] [2024-11-06T12:54:37.969Z] ----------------------------------------------------------------------
[debug] [2024-11-06T12:54:37.972Z] Command:       C:\Program Files\nodejs\node.exe C:\Users\gwiba\AppData\Roaming\npm\node_modules\firebase-tools\lib\bin\firebase.js init
[debug] [2024-11-06T12:54:37.972Z] CLI Version:   13.18.0
[debug] [2024-11-06T12:54:37.972Z] Platform:      win32
[debug] [2024-11-06T12:54:37.972Z] Node Version:  v22.8.0
[debug] [2024-11-06T12:54:37.973Z] Time:          Wed Nov 06 2024 14:54:37 GMT+0200 (South Africa Standard Time)
[debug] [2024-11-06T12:54:37.973Z] ----------------------------------------------------------------------
[debug] 
[debug] [2024-11-06T12:54:37.983Z] > command requires scopes: ["email","openid","https://www.googleapis.com/auth/cloudplatformprojects.readonly","https://www.googleapis.com/auth/firebase","https://www.googleapis.com/auth/cloud-platform"]
[debug] [2024-11-06T12:54:37.984Z] > authorizing via signed-in user (gwibantulini8@gmail.com)
[info] 
     ######## #### ########  ######## ########     ###     ######  ########
     ##        ##  ##     ## ##       ##     ##  ##   ##  ##       ##
     ######    ##  ########  ######   ########  #########  ######  ######
     ##        ##  ##    ##  ##       ##     ## ##     ##       ## ##
     ##       #### ##     ## ######## ########  ##     ##  ######  ########

You're about to initialize a Firebase project in this directory:

  C:\Users\gwiba\OneDrive\Documents\cismo

[info] 
=== Project Setup
[info] 
[info] First, let's associate this project directory with a Firebase project.
[info] You can create multiple project aliases by running firebase use --add, 
[info] but for now we'll just set up a default project.
[info] 
[debug] [2024-11-06T12:55:43.475Z] >>> [apiv2][query] GET https://firebase.googleapis.com/v1beta1/projects pageSize=100
[debug] [2024-11-06T12:55:44.328Z] <<< [apiv2][status] GET https://firebase.googleapis.com/v1beta1/projects 200
[debug] [2024-11-06T12:55:44.328Z] <<< [apiv2][body] GET https://firebase.googleapis.com/v1beta1/projects [omitted]
[info] i  Using project cimso-81ee5 (CiMSO) 
[info] 
=== Hosting Setup
[debug] [2024-11-06T12:55:46.040Z] >>> [apiv2][query] GET https://firebase.googleapis.com/v1beta1/projects/cimso-81ee5 [none]
[debug] [2024-11-06T12:55:46.394Z] <<< [apiv2][status] GET https://firebase.googleapis.com/v1beta1/projects/cimso-81ee5 200
[debug] [2024-11-06T12:55:46.394Z] <<< [apiv2][body] GET https://firebase.googleapis.com/v1beta1/projects/cimso-81ee5 {"projectId":"cimso-81ee5","projectNumber":"779996746457","displayName":"CiMSO","name":"projects/cimso-81ee5","resources":{"hostingSite":"cimso-81ee5"},"state":"ACTIVE","etag":"1_b2bf5253-d615-494f-96eb-8a898d2c2965"}
[info] 
[info] Your public directory is the folder (relative to your project directory) that
[info] will contain Hosting assets to be uploaded with firebase deploy. If you
[info] have a build process for your assets, use your build's output directory.
[info] 
[debug] [2024-11-06T12:55:51.572Z] >>> [apiv2][query] GET https://www.gstatic.com/firebasejs/releases.json [none]
[debug] [2024-11-06T12:55:52.080Z] <<< [apiv2][status] GET https://www.gstatic.com/firebasejs/releases.json 200
[debug] [2024-11-06T12:55:52.080Z] <<< [apiv2][body] GET https://www.gstatic.com/firebasejs/releases.json {"current":{"version":"11.0.1","browserURL":"https://www.gstatic.com/firebasejs/11.0.1/firebase.js","packageURL":"https://www.gstatic.com/firebasejs/11.0.1/firebase.tgz"},"live":{"version":"11.0","browserURL":"https://www.gstatic.com/firebasejs/live/11.0/firebase.js","packageURL":"https://www.gstatic.com/firebasejs/live/11.0/firebase.tgz"},"components":{"analytics":"https://www.gstatic.com/firebasejs/11.0.1/firebase-analytics.js","app":"https://www.gstatic.com/firebasejs/11.0.1/firebase-app.js","app-check":"https://www.gstatic.com/firebasejs/11.0.1/firebase-app-check.js","auth":"https://www.gstatic.com/firebasejs/11.0.1/firebase-auth.js","auth/cordova":"https://www.gstatic.com/firebasejs/11.0.1/firebase-auth/cordova.js","auth/web-extension":"https://www.gstatic.com/firebasejs/11.0.1/firebase-auth/web-extension.js","functions":"https://www.gstatic.com/firebasejs/11.0.1/firebase-functions.js","firestore":"https://www.gstatic.com/firebasejs/11.0.1/firebase-firestore.js","firestore/lite":"https://www.gstatic.com/firebasejs/11.0.1/firebase-firestore/lite.js","installations":"https://www.gstatic.com/firebasejs/11.0.1/firebase-installations.js","storage":"https://www.gstatic.com/firebasejs/11.0.1/firebase-storage.js","performance":"https://www.gstatic.com/firebasejs/11.0.1/firebase-performance.js","remote-config":"https://www.gstatic.com/firebasejs/11.0.1/firebase-remote-config.js","messaging":"https://www.gstatic.com/firebasejs/11.0.1/firebase-messaging.js","messaging/sw":"https://www.gstatic.com/firebasejs/11.0.1/firebase-messaging/sw.js","database":"https://www.gstatic.com/firebasejs/11.0.1/firebase-database.js","vertexai":"https://www.gstatic.com/firebasejs/11.0.1/firebase-vertexai.js","data-connect":"https://www.gstatic.com/firebasejs/11.0.1/firebase-data-connect.js","firestore.memory":"https://www.gstatic.com/firebasejs/11.0.1/firebase-firestore.memory.js"}}
[info] +  Wrote dist/index.html 
[info] 
[info] i  Detected a .git folder at C:\Users\gwiba\OneDrive\Documents\cismo 
[info] i  Authorizing with GitHub to upload your service account to a GitHub repository's secrets store. 
[info] 
[info] Visit this URL on this device to log in:
[info] https://github.com/login/oauth/authorize?client_id=89cf50f02ac6aaed3484&state=921491035&redirect_uri=http%3A%2F%2Flocalhost%3A9005&scope=read%3Auser%20repo%20public_repo
[info] 
[info] Waiting for authentication...
[debug] [2024-11-06T12:55:56.051Z] >>> [apiv2][query] POST https://github.com/login/oauth/access_token [none]
[debug] [2024-11-06T12:55:56.052Z] >>> [apiv2][body] POST https://github.com/login/oauth/access_token [stream]
[debug] [2024-11-06T12:55:56.483Z] <<< [apiv2][status] POST https://github.com/login/oauth/access_token 200
[debug] [2024-11-06T12:55:56.483Z] <<< [apiv2][body] POST https://github.com/login/oauth/access_token {"access_token":"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","token_type":"bearer","scope":"read:user,repo"}
[debug] [2024-11-06T12:55:56.489Z] >>> [apiv2][query] GET https://api.github.com/user [none]
[debug] [2024-11-06T12:55:56.940Z] <<< [apiv2][status] GET https://api.github.com/user 200
[debug] [2024-11-06T12:55:56.940Z] <<< [apiv2][body] GET https://api.github.com/user {"login":"C0dingForFun","id":151622640,"node_id":"U_kgDOCQmT8A","avatar_url":"https://avatars.githubusercontent.com/u/151622640?v=4","gravatar_id":"","url":"https://api.github.com/users/C0dingForFun","html_url":"https://github.com/C0dingForFun","followers_url":"https://api.github.com/users/C0dingForFun/followers","following_url":"https://api.github.com/users/C0dingForFun/following{/other_user}","gists_url":"https://api.github.com/users/C0dingForFun/gists{/gist_id}","starred_url":"https://api.github.com/users/C0dingForFun/starred{/owner}{/repo}","subscriptions_url":"https://api.github.com/users/C0dingForFun/subscriptions","organizations_url":"https://api.github.com/users/C0dingForFun/orgs","repos_url":"https://api.github.com/users/C0dingForFun/repos","events_url":"https://api.github.com/users/C0dingForFun/events{/privacy}","received_events_url":"https://api.github.com/users/C0dingForFun/received_events","type":"User","user_view_type":"private","site_admin":false,"name":"Gwiba Mabandla","company":null,"blog":"","location":null,"email":null,"hireable":null,"bio":null,"twitter_username":null,"notification_email":null,"public_repos":51,"public_gists":0,"followers":2,"following":0,"created_at":"2023-11-21T09:33:13Z","updated_at":"2024-07-05T13:10:23Z","private_gists":0,"total_private_repos":4,"owned_private_repos":4,"disk_usage":248831,"collaborators":0,"two_factor_authentication":false,"plan":{"name":"free","space":976562499,"collaborators":0,"private_repos":10000}}
[info] 
[info] +  Success! Logged into GitHub as C0dingForFun 
[info] 
